2025-11-04 09:41:27.912  INFO [attendance-service,,] 8684 --- [main] c.u.AttendanceServiceApplication         : No active profile set, falling back to 1 default profile: "default"
2025-11-04 09:41:30.352  INFO [attendance-service,,] 8684 --- [main] .s.d.r.c.RepositoryConfigurationDelegate : Bootstrapping Spring Data JPA repositories in DEFAULT mode.
2025-11-04 09:41:30.755  INFO [attendance-service,,] 8684 --- [main] .s.d.r.c.RepositoryConfigurationDelegate : Finished Spring Data repository scanning in 371 ms. Found 1 JPA repository interfaces.
2025-11-04 09:41:31.767  INFO [attendance-service,,] 8684 --- [main] o.s.cloud.context.scope.GenericScope     : BeanFactory id=748d84df-40fb-3e09-a40e-748a4a1e086b
2025-11-04 09:41:33.656  INFO [attendance-service,,] 8684 --- [main] o.s.b.w.embedded.tomcat.TomcatWebServer  : Tomcat initialized with port(s): 8085 (http)
2025-11-04 09:41:33.681  INFO [attendance-service,,] 8684 --- [main] o.apache.catalina.core.StandardService   : Starting service [Tomcat]
2025-11-04 09:41:33.682  INFO [attendance-service,,] 8684 --- [main] org.apache.catalina.core.StandardEngine  : Starting Servlet engine: [Apache Tomcat/9.0.83]
2025-11-04 09:41:34.055  INFO [attendance-service,,] 8684 --- [main] o.a.c.c.C.[Tomcat].[localhost].[/]       : Initializing Spring embedded WebApplicationContext
2025-11-04 09:41:34.056  INFO [attendance-service,,] 8684 --- [main] w.s.c.ServletWebServerApplicationContext : Root WebApplicationContext: initialization completed in 6092 ms
2025-11-04 09:41:37.450  INFO [attendance-service,,] 8684 --- [main] o.s.cloud.commons.util.InetUtils         : Cannot determine local hostname
2025-11-04 09:41:38.439  INFO [attendance-service,,] 8684 --- [main] o.hibernate.jpa.internal.util.LogHelper  : HHH000204: Processing PersistenceUnitInfo [name: default]
2025-11-04 09:41:38.554  INFO [attendance-service,,] 8684 --- [main] org.hibernate.Version                    : HHH000412: Hibernate ORM core version 5.6.15.Final
2025-11-04 09:41:38.966  INFO [attendance-service,,] 8684 --- [main] o.hibernate.annotations.common.Version   : HCANN000001: Hibernate Commons Annotations {5.1.2.Final}
2025-11-04 09:41:39.233  INFO [attendance-service,,] 8684 --- [main] com.zaxxer.hikari.HikariDataSource       : HikariPool-1 - Starting...
2025-11-04 09:41:39.854  INFO [attendance-service,,] 8684 --- [main] com.zaxxer.hikari.HikariDataSource       : HikariPool-1 - Start completed.
2025-11-04 09:41:39.889  INFO [attendance-service,,] 8684 --- [main] org.hibernate.dialect.Dialect            : HHH000400: Using dialect: org.hibernate.dialect.Oracle12cDialect
2025-11-04 09:41:44.522  INFO [attendance-service,,] 8684 --- [main] o.h.e.t.j.p.i.JtaPlatformInitiator       : HHH000490: Using JtaPlatform implementation: [org.hibernate.engine.transaction.jta.platform.internal.NoJtaPlatform]
2025-11-04 09:41:44.548  INFO [attendance-service,,] 8684 --- [main] j.LocalContainerEntityManagerFactoryBean : Initialized JPA EntityManagerFactory for persistence unit 'default'
2025-11-04 09:41:45.838  WARN [attendance-service,,] 8684 --- [main] JpaBaseConfiguration$JpaWebConfiguration : spring.jpa.open-in-view is enabled by default. Therefore, database queries may be performed during view rendering. Explicitly configure spring.jpa.open-in-view to disable this warning
2025-11-04 09:41:49.634  INFO [attendance-service,,] 8684 --- [main] o.s.cloud.commons.util.InetUtils         : Cannot determine local hostname
2025-11-04 09:41:49.743  INFO [attendance-service,,] 8684 --- [main] DiscoveryClientOptionalArgsConfiguration : Eureka HTTP Client uses RestTemplate.
2025-11-04 09:41:50.316  WARN [attendance-service,,] 8684 --- [main] iguration$LoadBalancerCaffeineWarnLogger : Spring Cloud LoadBalancer is currently working with the default cache. While this cache implementation is useful for development and tests, it's recommended to use Caffeine cache in production.You can switch to using Caffeine cache, by adding it and org.springframework.cache.caffeine.CaffeineCacheManager to the classpath.
2025-11-04 09:41:50.660  INFO [attendance-service,,] 8684 --- [main] o.s.b.a.e.web.EndpointLinksResolver      : Exposing 5 endpoint(s) beneath base path '/actuator'
2025-11-04 09:41:50.850  INFO [attendance-service,,] 8684 --- [main] o.s.c.n.eureka.InstanceInfoFactory       : Setting initial instance status as: STARTING
2025-11-04 09:41:50.947  INFO [attendance-service,,] 8684 --- [main] com.netflix.discovery.DiscoveryClient    : Initializing Eureka in region us-east-1
2025-11-04 09:41:50.958  INFO [attendance-service,,] 8684 --- [main] c.n.d.s.r.aws.ConfigClusterResolver      : Resolving eureka endpoints via configuration
2025-11-04 09:41:51.016  INFO [attendance-service,,] 8684 --- [main] com.netflix.discovery.DiscoveryClient    : Disable delta property : false
2025-11-04 09:41:51.017  INFO [attendance-service,,] 8684 --- [main] com.netflix.discovery.DiscoveryClient    : Single vip registry refresh property : null
2025-11-04 09:41:51.017  INFO [attendance-service,,] 8684 --- [main] com.netflix.discovery.DiscoveryClient    : Force full registry fetch : false
2025-11-04 09:41:51.017  INFO [attendance-service,,] 8684 --- [main] com.netflix.discovery.DiscoveryClient    : Application is null : false
2025-11-04 09:41:51.017  INFO [attendance-service,,] 8684 --- [main] com.netflix.discovery.DiscoveryClient    : Registered Applications size is zero : true
2025-11-04 09:41:51.018  INFO [attendance-service,,] 8684 --- [main] com.netflix.discovery.DiscoveryClient    : Application version is -1: true
2025-11-04 09:41:51.018  INFO [attendance-service,,] 8684 --- [main] com.netflix.discovery.DiscoveryClient    : Getting all instance registry info from the eureka server
2025-11-04 09:41:51.532  INFO [attendance-service,,] 8684 --- [main] com.netflix.discovery.DiscoveryClient    : The response status is 200
2025-11-04 09:41:51.538  INFO [attendance-service,,] 8684 --- [main] com.netflix.discovery.DiscoveryClient    : Starting heartbeat executor: renew interval is: 30
2025-11-04 09:41:51.544  INFO [attendance-service,,] 8684 --- [main] c.n.discovery.InstanceInfoReplicator     : InstanceInfoReplicator onDemand update allowed rate per min is 4
2025-11-04 09:41:51.554  INFO [attendance-service,,] 8684 --- [main] com.netflix.discovery.DiscoveryClient    : Discovery Client initialized at timestamp 1762231311552 with initial instances count: 3
2025-11-04 09:41:51.579  INFO [attendance-service,,] 8684 --- [main] o.s.c.n.e.s.EurekaServiceRegistry        : Registering application ATTENDANCE-SERVICE with eureka with status UP
2025-11-04 09:41:51.580  INFO [attendance-service,,] 8684 --- [main] com.netflix.discovery.DiscoveryClient    : Saw local status change event StatusChangeEvent [timestamp=1762231311580, current=UP, previous=STARTING]
2025-11-04 09:41:51.583  INFO [attendance-service,,] 8684 --- [DiscoveryClient-InstanceInfoReplicator-0] com.netflix.discovery.DiscoveryClient    : DiscoveryClient_ATTENDANCE-SERVICE/localhost:attendance-service:8085: registering service...
2025-11-04 09:41:51.679  INFO [attendance-service,,] 8684 --- [DiscoveryClient-InstanceInfoReplicator-0] com.netflix.discovery.DiscoveryClient    : DiscoveryClient_ATTENDANCE-SERVICE/localhost:attendance-service:8085 - registration status: 204
2025-11-04 09:41:51.689  INFO [attendance-service,,] 8684 --- [main] o.a.k.clients.consumer.ConsumerConfig    : ConsumerConfig values: 
	allow.auto.create.topics = true
	auto.commit.interval.ms = 5000
	auto.offset.reset = earliest
	bootstrap.servers = [localhost:9092]
	check.crcs = true
	client.dns.lookup = use_all_dns_ips
	client.id = consumer-attendance-service-group-1
	client.rack = 
	connections.max.idle.ms = 540000
	default.api.timeout.ms = 60000
	enable.auto.commit = false
	exclude.internal.topics = true
	fetch.max.bytes = 52428800
	fetch.max.wait.ms = 500
	fetch.min.bytes = 1
	group.id = attendance-service-group
	group.instance.id = null
	heartbeat.interval.ms = 3000
	interceptor.classes = []
	internal.leave.group.on.close = true
	internal.throw.on.fetch.stable.offset.unsupported = false
	isolation.level = read_uncommitted
	key.deserializer = class org.apache.kafka.common.serialization.StringDeserializer
	max.partition.fetch.bytes = 1048576
	max.poll.interval.ms = 300000
	max.poll.records = 500
	metadata.max.age.ms = 300000
	metric.reporters = []
	metrics.num.samples = 2
	metrics.recording.level = INFO
	metrics.sample.window.ms = 30000
	partition.assignment.strategy = [class org.apache.kafka.clients.consumer.RangeAssignor, class org.apache.kafka.clients.consumer.CooperativeStickyAssignor]
	receive.buffer.bytes = 65536
	reconnect.backoff.max.ms = 1000
	reconnect.backoff.ms = 50
	request.timeout.ms = 30000
	retry.backoff.ms = 100
	sasl.client.callback.handler.class = null
	sasl.jaas.config = null
	sasl.kerberos.kinit.cmd = /usr/bin/kinit
	sasl.kerberos.min.time.before.relogin = 60000
	sasl.kerberos.service.name = null
	sasl.kerberos.ticket.renew.jitter = 0.05
	sasl.kerberos.ticket.renew.window.factor = 0.8
	sasl.login.callback.handler.class = null
	sasl.login.class = null
	sasl.login.connect.timeout.ms = null
	sasl.login.read.timeout.ms = null
	sasl.login.refresh.buffer.seconds = 300
	sasl.login.refresh.min.period.seconds = 60
	sasl.login.refresh.window.factor = 0.8
	sasl.login.refresh.window.jitter = 0.05
	sasl.login.retry.backoff.max.ms = 10000
	sasl.login.retry.backoff.ms = 100
	sasl.mechanism = GSSAPI
	sasl.oauthbearer.clock.skew.seconds = 30
	sasl.oauthbearer.expected.audience = null
	sasl.oauthbearer.expected.issuer = null
	sasl.oauthbearer.jwks.endpoint.refresh.ms = 3600000
	sasl.oauthbearer.jwks.endpoint.retry.backoff.max.ms = 10000
	sasl.oauthbearer.jwks.endpoint.retry.backoff.ms = 100
	sasl.oauthbearer.jwks.endpoint.url = null
	sasl.oauthbearer.scope.claim.name = scope
	sasl.oauthbearer.sub.claim.name = sub
	sasl.oauthbearer.token.endpoint.url = null
	security.protocol = PLAINTEXT
	security.providers = null
	send.buffer.bytes = 131072
	session.timeout.ms = 45000
	socket.connection.setup.timeout.max.ms = 30000
	socket.connection.setup.timeout.ms = 10000
	ssl.cipher.suites = null
	ssl.enabled.protocols = [TLSv1.2, TLSv1.3]
	ssl.endpoint.identification.algorithm = https
	ssl.engine.factory.class = null
	ssl.key.password = null
	ssl.keymanager.algorithm = SunX509
	ssl.keystore.certificate.chain = null
	ssl.keystore.key = null
	ssl.keystore.location = null
	ssl.keystore.password = null
	ssl.keystore.type = JKS
	ssl.protocol = TLSv1.3
	ssl.provider = null
	ssl.secure.random.implementation = null
	ssl.trustmanager.algorithm = PKIX
	ssl.truststore.certificates = null
	ssl.truststore.location = null
	ssl.truststore.password = null
	ssl.truststore.type = JKS
	value.deserializer = class org.apache.kafka.common.serialization.StringDeserializer

2025-11-04 09:41:51.911  INFO [attendance-service,,] 8684 --- [main] o.a.kafka.common.utils.AppInfoParser     : Kafka version: 3.1.2
2025-11-04 09:41:51.912  INFO [attendance-service,,] 8684 --- [main] o.a.kafka.common.utils.AppInfoParser     : Kafka commitId: f8c67dc3ae0a3265
2025-11-04 09:41:51.912  INFO [attendance-service,,] 8684 --- [main] o.a.kafka.common.utils.AppInfoParser     : Kafka startTimeMs: 1762231311908
2025-11-04 09:41:51.955  INFO [attendance-service,,] 8684 --- [main] o.a.k.clients.consumer.KafkaConsumer     : [Consumer clientId=consumer-attendance-service-group-1, groupId=attendance-service-group] Subscribed to topic(s): attendance-topic
2025-11-04 09:41:52.003  INFO [attendance-service,,] 8684 --- [main] o.s.b.w.embedded.tomcat.TomcatWebServer  : Tomcat started on port(s): 8085 (http) with context path ''
2025-11-04 09:41:52.005  INFO [attendance-service,,] 8684 --- [main] .s.c.n.e.s.EurekaAutoServiceRegistration : Updating port to 8085
2025-11-04 09:41:52.814  WARN [attendance-service,,] 8684 --- [org.springframework.kafka.KafkaListenerEndpointContainer#0-0-C-1] org.apache.kafka.clients.NetworkClient   : [Consumer clientId=consumer-attendance-service-group-1, groupId=attendance-service-group] Error while fetching metadata with correlation id 2 : {attendance-topic=LEADER_NOT_AVAILABLE}
2025-11-04 09:41:52.816  INFO [attendance-service,,] 8684 --- [org.springframework.kafka.KafkaListenerEndpointContainer#0-0-C-1] org.apache.kafka.clients.Metadata        : [Consumer clientId=consumer-attendance-service-group-1, groupId=attendance-service-group] Cluster ID: KjDbDlZjTga8d7ZlTY-I_A
2025-11-04 09:41:52.819  INFO [attendance-service,,] 8684 --- [org.springframework.kafka.KafkaListenerEndpointContainer#0-0-C-1] o.a.k.c.c.internals.ConsumerCoordinator  : [Consumer clientId=consumer-attendance-service-group-1, groupId=attendance-service-group] Discovered group coordinator localhost:9092 (id: 2147483646 rack: null)
2025-11-04 09:41:52.823  INFO [attendance-service,,] 8684 --- [org.springframework.kafka.KafkaListenerEndpointContainer#0-0-C-1] o.a.k.c.c.internals.ConsumerCoordinator  : [Consumer clientId=consumer-attendance-service-group-1, groupId=attendance-service-group] (Re-)joining group
2025-11-04 09:41:52.848  INFO [attendance-service,,] 8684 --- [org.springframework.kafka.KafkaListenerEndpointContainer#0-0-C-1] o.a.k.c.c.internals.ConsumerCoordinator  : [Consumer clientId=consumer-attendance-service-group-1, groupId=attendance-service-group] Request joining group due to: need to re-join with the given member-id
2025-11-04 09:41:52.849  INFO [attendance-service,,] 8684 --- [org.springframework.kafka.KafkaListenerEndpointContainer#0-0-C-1] o.a.k.c.c.internals.ConsumerCoordinator  : [Consumer clientId=consumer-attendance-service-group-1, groupId=attendance-service-group] (Re-)joining group
2025-11-04 09:41:52.918  INFO [attendance-service,,] 8684 --- [org.springframework.kafka.KafkaListenerEndpointContainer#0-0-C-1] org.apache.kafka.clients.Metadata        : [Consumer clientId=consumer-attendance-service-group-1, groupId=attendance-service-group] Resetting the last seen epoch of partition attendance-topic-0 to 0 since the associated topicId changed from null to ijS6TzhRTOG1Vji1kaW5Xw
2025-11-04 09:41:53.460  INFO [attendance-service,,] 8684 --- [main] o.s.cloud.commons.util.InetUtils         : Cannot determine local hostname
2025-11-04 09:41:53.636  INFO [attendance-service,,] 8684 --- [main] c.u.AttendanceServiceApplication         : Started AttendanceServiceApplication in 31.633 seconds (JVM running for 32.78)
2025-11-04 09:41:55.866  INFO [attendance-service,,] 8684 --- [org.springframework.kafka.KafkaListenerEndpointContainer#0-0-C-1] o.a.k.c.c.internals.ConsumerCoordinator  : [Consumer clientId=consumer-attendance-service-group-1, groupId=attendance-service-group] Successfully joined group with generation Generation{generationId=1, memberId='consumer-attendance-service-group-1-7c4ccfbb-67c6-4626-a824-619671e474cd', protocol='range'}
2025-11-04 09:41:55.872  INFO [attendance-service,,] 8684 --- [org.springframework.kafka.KafkaListenerEndpointContainer#0-0-C-1] o.a.k.c.c.internals.ConsumerCoordinator  : [Consumer clientId=consumer-attendance-service-group-1, groupId=attendance-service-group] Finished assignment for group at generation 1: {consumer-attendance-service-group-1-7c4ccfbb-67c6-4626-a824-619671e474cd=Assignment(partitions=[attendance-topic-0])}
2025-11-04 09:41:55.888  INFO [attendance-service,,] 8684 --- [org.springframework.kafka.KafkaListenerEndpointContainer#0-0-C-1] o.a.k.c.c.internals.ConsumerCoordinator  : [Consumer clientId=consumer-attendance-service-group-1, groupId=attendance-service-group] Successfully synced group in generation Generation{generationId=1, memberId='consumer-attendance-service-group-1-7c4ccfbb-67c6-4626-a824-619671e474cd', protocol='range'}
2025-11-04 09:41:55.890  INFO [attendance-service,,] 8684 --- [org.springframework.kafka.KafkaListenerEndpointContainer#0-0-C-1] o.a.k.c.c.internals.ConsumerCoordinator  : [Consumer clientId=consumer-attendance-service-group-1, groupId=attendance-service-group] Notifying assignor about the new Assignment(partitions=[attendance-topic-0])
2025-11-04 09:41:55.897  INFO [attendance-service,,] 8684 --- [org.springframework.kafka.KafkaListenerEndpointContainer#0-0-C-1] o.a.k.c.c.internals.ConsumerCoordinator  : [Consumer clientId=consumer-attendance-service-group-1, groupId=attendance-service-group] Adding newly assigned partitions: attendance-topic-0
2025-11-04 09:41:55.927  INFO [attendance-service,,] 8684 --- [org.springframework.kafka.KafkaListenerEndpointContainer#0-0-C-1] o.a.k.c.c.internals.ConsumerCoordinator  : [Consumer clientId=consumer-attendance-service-group-1, groupId=attendance-service-group] Found no committed offset for partition attendance-topic-0
2025-11-04 09:41:55.946  INFO [attendance-service,,] 8684 --- [org.springframework.kafka.KafkaListenerEndpointContainer#0-0-C-1] o.a.k.c.c.internals.SubscriptionState    : [Consumer clientId=consumer-attendance-service-group-1, groupId=attendance-service-group] Resetting offset for partition attendance-topic-0 to position FetchPosition{offset=0, offsetEpoch=Optional.empty, currentLeader=LeaderAndEpoch{leader=Optional[localhost:9092 (id: 1 rack: null)], epoch=0}}.
2025-11-04 09:41:55.950  INFO [attendance-service,,] 8684 --- [org.springframework.kafka.KafkaListenerEndpointContainer#0-0-C-1] o.s.k.l.KafkaMessageListenerContainer    : attendance-service-group: partitions assigned: [attendance-topic-0]
2025-11-04 09:46:51.040  INFO [attendance-service,,] 8684 --- [AsyncResolver-bootstrap-executor-0] c.n.d.s.r.aws.ConfigClusterResolver      : Resolving eureka endpoints via configuration
2025-11-04 09:50:53.214  INFO [attendance-service,,] 8684 --- [org.springframework.kafka.KafkaListenerEndpointContainer#0-0-C-1] org.apache.kafka.clients.NetworkClient   : [Consumer clientId=consumer-attendance-service-group-1, groupId=attendance-service-group] Node -1 disconnected.
2025-11-04 09:51:51.043  INFO [attendance-service,,] 8684 --- [AsyncResolver-bootstrap-executor-0] c.n.d.s.r.aws.ConfigClusterResolver      : Resolving eureka endpoints via configuration
2025-11-04 09:56:43.002  INFO [attendance-service,,] 8684 --- [SpringApplicationShutdownHook] o.s.c.n.e.s.EurekaServiceRegistry        : Unregistering application ATTENDANCE-SERVICE with eureka with status DOWN
2025-11-04 09:56:43.003  INFO [attendance-service,,] 8684 --- [SpringApplicationShutdownHook] com.netflix.discovery.DiscoveryClient    : Saw local status change event StatusChangeEvent [timestamp=1762232203003, current=DOWN, previous=UP]
2025-11-04 09:56:43.004  INFO [attendance-service,,] 8684 --- [DiscoveryClient-InstanceInfoReplicator-0] com.netflix.discovery.DiscoveryClient    : DiscoveryClient_ATTENDANCE-SERVICE/localhost:attendance-service:8085: registering service...
2025-11-04 09:56:43.038  INFO [attendance-service,,] 8684 --- [DiscoveryClient-InstanceInfoReplicator-0] com.netflix.discovery.DiscoveryClient    : DiscoveryClient_ATTENDANCE-SERVICE/localhost:attendance-service:8085 - registration status: 204
2025-11-04 09:56:43.123  INFO [attendance-service,,] 8684 --- [org.springframework.kafka.KafkaListenerEndpointContainer#0-0-C-1] o.a.k.c.c.internals.ConsumerCoordinator  : [Consumer clientId=consumer-attendance-service-group-1, groupId=attendance-service-group] Revoke previously assigned partitions attendance-topic-0
2025-11-04 09:56:43.125  INFO [attendance-service,,] 8684 --- [org.springframework.kafka.KafkaListenerEndpointContainer#0-0-C-1] o.s.k.l.KafkaMessageListenerContainer    : attendance-service-group: partitions revoked: [attendance-topic-0]
2025-11-04 09:56:43.128  INFO [attendance-service,,] 8684 --- [org.springframework.kafka.KafkaListenerEndpointContainer#0-0-C-1] o.a.k.c.c.internals.ConsumerCoordinator  : [Consumer clientId=consumer-attendance-service-group-1, groupId=attendance-service-group] Member consumer-attendance-service-group-1-7c4ccfbb-67c6-4626-a824-619671e474cd sending LeaveGroup request to coordinator localhost:9092 (id: 2147483646 rack: null) due to the consumer unsubscribed from all topics
2025-11-04 09:56:43.131  INFO [attendance-service,,] 8684 --- [org.springframework.kafka.KafkaListenerEndpointContainer#0-0-C-1] o.a.k.c.c.internals.ConsumerCoordinator  : [Consumer clientId=consumer-attendance-service-group-1, groupId=attendance-service-group] Resetting generation due to: consumer pro-actively leaving the group
2025-11-04 09:56:43.132  INFO [attendance-service,,] 8684 --- [org.springframework.kafka.KafkaListenerEndpointContainer#0-0-C-1] o.a.k.c.c.internals.ConsumerCoordinator  : [Consumer clientId=consumer-attendance-service-group-1, groupId=attendance-service-group] Request joining group due to: consumer pro-actively leaving the group
2025-11-04 09:56:43.133  INFO [attendance-service,,] 8684 --- [org.springframework.kafka.KafkaListenerEndpointContainer#0-0-C-1] o.a.k.clients.consumer.KafkaConsumer     : [Consumer clientId=consumer-attendance-service-group-1, groupId=attendance-service-group] Unsubscribed all topics or patterns and assigned partitions
2025-11-04 09:56:43.137  INFO [attendance-service,,] 8684 --- [org.springframework.kafka.KafkaListenerEndpointContainer#0-0-C-1] o.a.k.c.c.internals.ConsumerCoordinator  : [Consumer clientId=consumer-attendance-service-group-1, groupId=attendance-service-group] Resetting generation due to: consumer pro-actively leaving the group
2025-11-04 09:56:43.138  INFO [attendance-service,,] 8684 --- [org.springframework.kafka.KafkaListenerEndpointContainer#0-0-C-1] o.a.k.c.c.internals.ConsumerCoordinator  : [Consumer clientId=consumer-attendance-service-group-1, groupId=attendance-service-group] Request joining group due to: consumer pro-actively leaving the group
2025-11-04 09:56:43.179  INFO [attendance-service,,] 8684 --- [org.springframework.kafka.KafkaListenerEndpointContainer#0-0-C-1] org.apache.kafka.common.metrics.Metrics  : Metrics scheduler closed
2025-11-04 09:56:43.181  INFO [attendance-service,,] 8684 --- [org.springframework.kafka.KafkaListenerEndpointContainer#0-0-C-1] org.apache.kafka.common.metrics.Metrics  : Closing reporter org.apache.kafka.common.metrics.JmxReporter
2025-11-04 09:56:43.183  INFO [attendance-service,,] 8684 --- [org.springframework.kafka.KafkaListenerEndpointContainer#0-0-C-1] org.apache.kafka.common.metrics.Metrics  : Metrics reporters closed
2025-11-04 09:56:43.209  INFO [attendance-service,,] 8684 --- [org.springframework.kafka.KafkaListenerEndpointContainer#0-0-C-1] o.a.kafka.common.utils.AppInfoParser     : App info kafka.consumer for consumer-attendance-service-group-1 unregistered
2025-11-04 09:56:43.211  INFO [attendance-service,,] 8684 --- [org.springframework.kafka.KafkaListenerEndpointContainer#0-0-C-1] o.s.k.l.KafkaMessageListenerContainer    : attendance-service-group: Consumer stopped
2025-11-04 09:56:43.229  INFO [attendance-service,,] 8684 --- [SpringApplicationShutdownHook] j.LocalContainerEntityManagerFactoryBean : Closing JPA EntityManagerFactory for persistence unit 'default'
2025-11-04 09:56:43.241  INFO [attendance-service,,] 8684 --- [SpringApplicationShutdownHook] com.zaxxer.hikari.HikariDataSource       : HikariPool-1 - Shutdown initiated...
2025-11-04 09:56:43.272  INFO [attendance-service,,] 8684 --- [SpringApplicationShutdownHook] com.zaxxer.hikari.HikariDataSource       : HikariPool-1 - Shutdown completed.
2025-11-04 09:56:43.280  INFO [attendance-service,,] 8684 --- [SpringApplicationShutdownHook] com.netflix.discovery.DiscoveryClient    : Shutting down DiscoveryClient ...
2025-11-04 09:56:46.296  INFO [attendance-service,,] 8684 --- [SpringApplicationShutdownHook] com.netflix.discovery.DiscoveryClient    : Unregistering ...
2025-11-04 09:56:46.309  INFO [attendance-service,,] 8684 --- [SpringApplicationShutdownHook] com.netflix.discovery.DiscoveryClient    : DiscoveryClient_ATTENDANCE-SERVICE/localhost:attendance-service:8085 - deregister  status: 200
2025-11-04 09:56:46.329  INFO [attendance-service,,] 8684 --- [SpringApplicationShutdownHook] com.netflix.discovery.DiscoveryClient    : Completed shut down of DiscoveryClient
2025-11-04 09:57:07.675  INFO [attendance-service,,] 11824 --- [main] c.u.AttendanceServiceApplication         : No active profile set, falling back to 1 default profile: "default"
2025-11-04 09:57:10.645  INFO [attendance-service,,] 11824 --- [main] .s.d.r.c.RepositoryConfigurationDelegate : Bootstrapping Spring Data JPA repositories in DEFAULT mode.
2025-11-04 09:57:11.184  INFO [attendance-service,,] 11824 --- [main] .s.d.r.c.RepositoryConfigurationDelegate : Finished Spring Data repository scanning in 490 ms. Found 1 JPA repository interfaces.
2025-11-04 09:57:12.415  INFO [attendance-service,,] 11824 --- [main] o.s.cloud.context.scope.GenericScope     : BeanFactory id=748d84df-40fb-3e09-a40e-748a4a1e086b
2025-11-04 09:57:15.388  INFO [attendance-service,,] 11824 --- [main] o.s.b.w.embedded.tomcat.TomcatWebServer  : Tomcat initialized with port(s): 8085 (http)
2025-11-04 09:57:15.415  INFO [attendance-service,,] 11824 --- [main] o.apache.catalina.core.StandardService   : Starting service [Tomcat]
2025-11-04 09:57:15.416  INFO [attendance-service,,] 11824 --- [main] org.apache.catalina.core.StandardEngine  : Starting Servlet engine: [Apache Tomcat/9.0.83]
2025-11-04 09:57:16.146  INFO [attendance-service,,] 11824 --- [main] o.a.c.c.C.[Tomcat].[localhost].[/]       : Initializing Spring embedded WebApplicationContext
2025-11-04 09:57:16.147  INFO [attendance-service,,] 11824 --- [main] w.s.c.ServletWebServerApplicationContext : Root WebApplicationContext: initialization completed in 8425 ms
2025-11-04 09:57:20.802  INFO [attendance-service,,] 11824 --- [main] o.s.cloud.commons.util.InetUtils         : Cannot determine local hostname
2025-11-04 09:57:22.807  INFO [attendance-service,,] 11824 --- [main] o.hibernate.jpa.internal.util.LogHelper  : HHH000204: Processing PersistenceUnitInfo [name: default]
2025-11-04 09:57:22.986  INFO [attendance-service,,] 11824 --- [main] org.hibernate.Version                    : HHH000412: Hibernate ORM core version 5.6.15.Final
2025-11-04 09:57:23.443  INFO [attendance-service,,] 11824 --- [main] o.hibernate.annotations.common.Version   : HCANN000001: Hibernate Commons Annotations {5.1.2.Final}
2025-11-04 09:57:23.685  INFO [attendance-service,,] 11824 --- [main] com.zaxxer.hikari.HikariDataSource       : HikariPool-1 - Starting...
2025-11-04 09:57:24.410  INFO [attendance-service,,] 11824 --- [main] com.zaxxer.hikari.HikariDataSource       : HikariPool-1 - Start completed.
2025-11-04 09:57:24.455  INFO [attendance-service,,] 11824 --- [main] org.hibernate.dialect.Dialect            : HHH000400: Using dialect: org.hibernate.dialect.Oracle12cDialect
2025-11-04 09:57:30.947  INFO [attendance-service,,] 11824 --- [main] o.h.e.t.j.p.i.JtaPlatformInitiator       : HHH000490: Using JtaPlatform implementation: [org.hibernate.engine.transaction.jta.platform.internal.NoJtaPlatform]
2025-11-04 09:57:30.989  INFO [attendance-service,,] 11824 --- [main] j.LocalContainerEntityManagerFactoryBean : Initialized JPA EntityManagerFactory for persistence unit 'default'
2025-11-04 09:57:33.864  WARN [attendance-service,,] 11824 --- [main] JpaBaseConfiguration$JpaWebConfiguration : spring.jpa.open-in-view is enabled by default. Therefore, database queries may be performed during view rendering. Explicitly configure spring.jpa.open-in-view to disable this warning
2025-11-04 09:57:40.089  INFO [attendance-service,,] 11824 --- [main] o.s.cloud.commons.util.InetUtils         : Cannot determine local hostname
2025-11-04 09:57:40.225  INFO [attendance-service,,] 11824 --- [main] DiscoveryClientOptionalArgsConfiguration : Eureka HTTP Client uses RestTemplate.
2025-11-04 09:57:41.893  WARN [attendance-service,,] 11824 --- [main] iguration$LoadBalancerCaffeineWarnLogger : Spring Cloud LoadBalancer is currently working with the default cache. While this cache implementation is useful for development and tests, it's recommended to use Caffeine cache in production.You can switch to using Caffeine cache, by adding it and org.springframework.cache.caffeine.CaffeineCacheManager to the classpath.
2025-11-04 09:57:42.560  INFO [attendance-service,,] 11824 --- [main] o.s.b.a.e.web.EndpointLinksResolver      : Exposing 5 endpoint(s) beneath base path '/actuator'
2025-11-04 09:57:42.980  INFO [attendance-service,,] 11824 --- [main] o.s.c.n.eureka.InstanceInfoFactory       : Setting initial instance status as: STARTING
2025-11-04 09:57:43.146  INFO [attendance-service,,] 11824 --- [main] com.netflix.discovery.DiscoveryClient    : Initializing Eureka in region us-east-1
2025-11-04 09:57:43.159  INFO [attendance-service,,] 11824 --- [main] c.n.d.s.r.aws.ConfigClusterResolver      : Resolving eureka endpoints via configuration
2025-11-04 09:57:43.240  INFO [attendance-service,,] 11824 --- [main] com.netflix.discovery.DiscoveryClient    : Disable delta property : false
2025-11-04 09:57:43.241  INFO [attendance-service,,] 11824 --- [main] com.netflix.discovery.DiscoveryClient    : Single vip registry refresh property : null
2025-11-04 09:57:43.241  INFO [attendance-service,,] 11824 --- [main] com.netflix.discovery.DiscoveryClient    : Force full registry fetch : false
2025-11-04 09:57:43.241  INFO [attendance-service,,] 11824 --- [main] com.netflix.discovery.DiscoveryClient    : Application is null : false
2025-11-04 09:57:43.241  INFO [attendance-service,,] 11824 --- [main] com.netflix.discovery.DiscoveryClient    : Registered Applications size is zero : true
2025-11-04 09:57:43.242  INFO [attendance-service,,] 11824 --- [main] com.netflix.discovery.DiscoveryClient    : Application version is -1: true
2025-11-04 09:57:43.242  INFO [attendance-service,,] 11824 --- [main] com.netflix.discovery.DiscoveryClient    : Getting all instance registry info from the eureka server
2025-11-04 09:57:44.064  INFO [attendance-service,,] 11824 --- [main] com.netflix.discovery.DiscoveryClient    : The response status is 200
2025-11-04 09:57:44.074  INFO [attendance-service,,] 11824 --- [main] com.netflix.discovery.DiscoveryClient    : Starting heartbeat executor: renew interval is: 30
2025-11-04 09:57:44.080  INFO [attendance-service,,] 11824 --- [main] c.n.discovery.InstanceInfoReplicator     : InstanceInfoReplicator onDemand update allowed rate per min is 4
2025-11-04 09:57:44.091  INFO [attendance-service,,] 11824 --- [main] com.netflix.discovery.DiscoveryClient    : Discovery Client initialized at timestamp 1762232264089 with initial instances count: 3
2025-11-04 09:57:44.120  INFO [attendance-service,,] 11824 --- [main] o.s.c.n.e.s.EurekaServiceRegistry        : Registering application ATTENDANCE-SERVICE with eureka with status UP
2025-11-04 09:57:44.121  INFO [attendance-service,,] 11824 --- [main] com.netflix.discovery.DiscoveryClient    : Saw local status change event StatusChangeEvent [timestamp=1762232264121, current=UP, previous=STARTING]
2025-11-04 09:57:44.125  INFO [attendance-service,,] 11824 --- [DiscoveryClient-InstanceInfoReplicator-0] com.netflix.discovery.DiscoveryClient    : DiscoveryClient_ATTENDANCE-SERVICE/localhost:attendance-service:8085: registering service...
2025-11-04 09:57:44.270  INFO [attendance-service,,] 11824 --- [main] o.a.k.clients.consumer.ConsumerConfig    : ConsumerConfig values: 
	allow.auto.create.topics = true
	auto.commit.interval.ms = 5000
	auto.offset.reset = earliest
	bootstrap.servers = [localhost:9092]
	check.crcs = true
	client.dns.lookup = use_all_dns_ips
	client.id = consumer-attendance-service-group-1
	client.rack = 
	connections.max.idle.ms = 540000
	default.api.timeout.ms = 60000
	enable.auto.commit = false
	exclude.internal.topics = true
	fetch.max.bytes = 52428800
	fetch.max.wait.ms = 500
	fetch.min.bytes = 1
	group.id = attendance-service-group
	group.instance.id = null
	heartbeat.interval.ms = 3000
	interceptor.classes = []
	internal.leave.group.on.close = true
	internal.throw.on.fetch.stable.offset.unsupported = false
	isolation.level = read_uncommitted
	key.deserializer = class org.apache.kafka.common.serialization.StringDeserializer
	max.partition.fetch.bytes = 1048576
	max.poll.interval.ms = 300000
	max.poll.records = 500
	metadata.max.age.ms = 300000
	metric.reporters = []
	metrics.num.samples = 2
	metrics.recording.level = INFO
	metrics.sample.window.ms = 30000
	partition.assignment.strategy = [class org.apache.kafka.clients.consumer.RangeAssignor, class org.apache.kafka.clients.consumer.CooperativeStickyAssignor]
	receive.buffer.bytes = 65536
	reconnect.backoff.max.ms = 1000
	reconnect.backoff.ms = 50
	request.timeout.ms = 30000
	retry.backoff.ms = 100
	sasl.client.callback.handler.class = null
	sasl.jaas.config = null
	sasl.kerberos.kinit.cmd = /usr/bin/kinit
	sasl.kerberos.min.time.before.relogin = 60000
	sasl.kerberos.service.name = null
	sasl.kerberos.ticket.renew.jitter = 0.05
	sasl.kerberos.ticket.renew.window.factor = 0.8
	sasl.login.callback.handler.class = null
	sasl.login.class = null
	sasl.login.connect.timeout.ms = null
	sasl.login.read.timeout.ms = null
	sasl.login.refresh.buffer.seconds = 300
	sasl.login.refresh.min.period.seconds = 60
	sasl.login.refresh.window.factor = 0.8
	sasl.login.refresh.window.jitter = 0.05
	sasl.login.retry.backoff.max.ms = 10000
	sasl.login.retry.backoff.ms = 100
	sasl.mechanism = GSSAPI
	sasl.oauthbearer.clock.skew.seconds = 30
	sasl.oauthbearer.expected.audience = null
	sasl.oauthbearer.expected.issuer = null
	sasl.oauthbearer.jwks.endpoint.refresh.ms = 3600000
	sasl.oauthbearer.jwks.endpoint.retry.backoff.max.ms = 10000
	sasl.oauthbearer.jwks.endpoint.retry.backoff.ms = 100
	sasl.oauthbearer.jwks.endpoint.url = null
	sasl.oauthbearer.scope.claim.name = scope
	sasl.oauthbearer.sub.claim.name = sub
	sasl.oauthbearer.token.endpoint.url = null
	security.protocol = PLAINTEXT
	security.providers = null
	send.buffer.bytes = 131072
	session.timeout.ms = 45000
	socket.connection.setup.timeout.max.ms = 30000
	socket.connection.setup.timeout.ms = 10000
	ssl.cipher.suites = null
	ssl.enabled.protocols = [TLSv1.2, TLSv1.3]
	ssl.endpoint.identification.algorithm = https
	ssl.engine.factory.class = null
	ssl.key.password = null
	ssl.keymanager.algorithm = SunX509
	ssl.keystore.certificate.chain = null
	ssl.keystore.key = null
	ssl.keystore.location = null
	ssl.keystore.password = null
	ssl.keystore.type = JKS
	ssl.protocol = TLSv1.3
	ssl.provider = null
	ssl.secure.random.implementation = null
	ssl.trustmanager.algorithm = PKIX
	ssl.truststore.certificates = null
	ssl.truststore.location = null
	ssl.truststore.password = null
	ssl.truststore.type = JKS
	value.deserializer = class org.apache.kafka.common.serialization.StringDeserializer

2025-11-04 09:57:44.287  INFO [attendance-service,,] 11824 --- [DiscoveryClient-InstanceInfoReplicator-0] com.netflix.discovery.DiscoveryClient    : DiscoveryClient_ATTENDANCE-SERVICE/localhost:attendance-service:8085 - registration status: 204
2025-11-04 09:57:44.513  INFO [attendance-service,,] 11824 --- [main] o.a.kafka.common.utils.AppInfoParser     : Kafka version: 3.1.2
2025-11-04 09:57:44.513  INFO [attendance-service,,] 11824 --- [main] o.a.kafka.common.utils.AppInfoParser     : Kafka commitId: f8c67dc3ae0a3265
2025-11-04 09:57:44.514  INFO [attendance-service,,] 11824 --- [main] o.a.kafka.common.utils.AppInfoParser     : Kafka startTimeMs: 1762232264504
2025-11-04 09:57:44.602  INFO [attendance-service,,] 11824 --- [main] o.a.k.clients.consumer.KafkaConsumer     : [Consumer clientId=consumer-attendance-service-group-1, groupId=attendance-service-group] Subscribed to topic(s): attendance-topic
2025-11-04 09:57:44.931  INFO [attendance-service,,] 11824 --- [main] o.s.b.w.embedded.tomcat.TomcatWebServer  : Tomcat started on port(s): 8085 (http) with context path ''
2025-11-04 09:57:44.934  INFO [attendance-service,,] 11824 --- [main] .s.c.n.e.s.EurekaAutoServiceRegistration : Updating port to 8085
2025-11-04 09:57:46.005  INFO [attendance-service,,] 11824 --- [org.springframework.kafka.KafkaListenerEndpointContainer#0-0-C-1] org.apache.kafka.clients.Metadata        : [Consumer clientId=consumer-attendance-service-group-1, groupId=attendance-service-group] Resetting the last seen epoch of partition attendance-topic-0 to 0 since the associated topicId changed from null to ijS6TzhRTOG1Vji1kaW5Xw
2025-11-04 09:57:46.010  INFO [attendance-service,,] 11824 --- [org.springframework.kafka.KafkaListenerEndpointContainer#0-0-C-1] org.apache.kafka.clients.Metadata        : [Consumer clientId=consumer-attendance-service-group-1, groupId=attendance-service-group] Cluster ID: KjDbDlZjTga8d7ZlTY-I_A
2025-11-04 09:57:46.012  INFO [attendance-service,,] 11824 --- [org.springframework.kafka.KafkaListenerEndpointContainer#0-0-C-1] o.a.k.c.c.internals.ConsumerCoordinator  : [Consumer clientId=consumer-attendance-service-group-1, groupId=attendance-service-group] Discovered group coordinator localhost:9092 (id: 2147483646 rack: null)
2025-11-04 09:57:46.016  INFO [attendance-service,,] 11824 --- [org.springframework.kafka.KafkaListenerEndpointContainer#0-0-C-1] o.a.k.c.c.internals.ConsumerCoordinator  : [Consumer clientId=consumer-attendance-service-group-1, groupId=attendance-service-group] (Re-)joining group
2025-11-04 09:57:46.037  INFO [attendance-service,,] 11824 --- [org.springframework.kafka.KafkaListenerEndpointContainer#0-0-C-1] o.a.k.c.c.internals.ConsumerCoordinator  : [Consumer clientId=consumer-attendance-service-group-1, groupId=attendance-service-group] Request joining group due to: need to re-join with the given member-id
2025-11-04 09:57:46.038  INFO [attendance-service,,] 11824 --- [org.springframework.kafka.KafkaListenerEndpointContainer#0-0-C-1] o.a.k.c.c.internals.ConsumerCoordinator  : [Consumer clientId=consumer-attendance-service-group-1, groupId=attendance-service-group] (Re-)joining group
2025-11-04 09:57:46.735  INFO [attendance-service,,] 11824 --- [main] o.s.cloud.commons.util.InetUtils         : Cannot determine local hostname
2025-11-04 09:57:46.927  INFO [attendance-service,,] 11824 --- [main] c.u.AttendanceServiceApplication         : Started AttendanceServiceApplication in 45.496 seconds (JVM running for 46.776)
2025-11-04 09:57:49.052  INFO [attendance-service,,] 11824 --- [org.springframework.kafka.KafkaListenerEndpointContainer#0-0-C-1] o.a.k.c.c.internals.ConsumerCoordinator  : [Consumer clientId=consumer-attendance-service-group-1, groupId=attendance-service-group] Successfully joined group with generation Generation{generationId=3, memberId='consumer-attendance-service-group-1-6e4bf3f9-d138-4bc1-9f6e-cd5cd0746fc4', protocol='range'}
2025-11-04 09:57:49.055  INFO [attendance-service,,] 11824 --- [org.springframework.kafka.KafkaListenerEndpointContainer#0-0-C-1] o.a.k.c.c.internals.ConsumerCoordinator  : [Consumer clientId=consumer-attendance-service-group-1, groupId=attendance-service-group] Finished assignment for group at generation 3: {consumer-attendance-service-group-1-6e4bf3f9-d138-4bc1-9f6e-cd5cd0746fc4=Assignment(partitions=[attendance-topic-0])}
2025-11-04 09:57:49.075  INFO [attendance-service,,] 11824 --- [org.springframework.kafka.KafkaListenerEndpointContainer#0-0-C-1] o.a.k.c.c.internals.ConsumerCoordinator  : [Consumer clientId=consumer-attendance-service-group-1, groupId=attendance-service-group] Successfully synced group in generation Generation{generationId=3, memberId='consumer-attendance-service-group-1-6e4bf3f9-d138-4bc1-9f6e-cd5cd0746fc4', protocol='range'}
2025-11-04 09:57:49.076  INFO [attendance-service,,] 11824 --- [org.springframework.kafka.KafkaListenerEndpointContainer#0-0-C-1] o.a.k.c.c.internals.ConsumerCoordinator  : [Consumer clientId=consumer-attendance-service-group-1, groupId=attendance-service-group] Notifying assignor about the new Assignment(partitions=[attendance-topic-0])
2025-11-04 09:57:49.080  INFO [attendance-service,,] 11824 --- [org.springframework.kafka.KafkaListenerEndpointContainer#0-0-C-1] o.a.k.c.c.internals.ConsumerCoordinator  : [Consumer clientId=consumer-attendance-service-group-1, groupId=attendance-service-group] Adding newly assigned partitions: attendance-topic-0
2025-11-04 09:57:49.096  INFO [attendance-service,,] 11824 --- [org.springframework.kafka.KafkaListenerEndpointContainer#0-0-C-1] o.a.k.c.c.internals.ConsumerCoordinator  : [Consumer clientId=consumer-attendance-service-group-1, groupId=attendance-service-group] Found no committed offset for partition attendance-topic-0
2025-11-04 09:57:49.113  INFO [attendance-service,,] 11824 --- [org.springframework.kafka.KafkaListenerEndpointContainer#0-0-C-1] o.a.k.c.c.internals.SubscriptionState    : [Consumer clientId=consumer-attendance-service-group-1, groupId=attendance-service-group] Resetting offset for partition attendance-topic-0 to position FetchPosition{offset=0, offsetEpoch=Optional.empty, currentLeader=LeaderAndEpoch{leader=Optional[localhost:9092 (id: 1 rack: null)], epoch=0}}.
2025-11-04 09:57:49.115  INFO [attendance-service,,] 11824 --- [org.springframework.kafka.KafkaListenerEndpointContainer#0-0-C-1] o.s.k.l.KafkaMessageListenerContainer    : attendance-service-group: partitions assigned: [attendance-topic-0]
2025-11-04 09:58:39.358  INFO [attendance-service,,] 11824 --- [SpringApplicationShutdownHook] o.s.c.n.e.s.EurekaServiceRegistry        : Unregistering application ATTENDANCE-SERVICE with eureka with status DOWN
2025-11-04 09:58:39.358  INFO [attendance-service,,] 11824 --- [SpringApplicationShutdownHook] com.netflix.discovery.DiscoveryClient    : Saw local status change event StatusChangeEvent [timestamp=1762232319358, current=DOWN, previous=UP]
2025-11-04 09:58:39.359  INFO [attendance-service,,] 11824 --- [DiscoveryClient-InstanceInfoReplicator-0] com.netflix.discovery.DiscoveryClient    : DiscoveryClient_ATTENDANCE-SERVICE/localhost:attendance-service:8085: registering service...
2025-11-04 09:58:39.374  INFO [attendance-service,,] 11824 --- [DiscoveryClient-InstanceInfoReplicator-0] com.netflix.discovery.DiscoveryClient    : DiscoveryClient_ATTENDANCE-SERVICE/localhost:attendance-service:8085 - registration status: 204
2025-11-04 09:58:39.538  INFO [attendance-service,,] 11824 --- [org.springframework.kafka.KafkaListenerEndpointContainer#0-0-C-1] o.a.k.c.c.internals.ConsumerCoordinator  : [Consumer clientId=consumer-attendance-service-group-1, groupId=attendance-service-group] Revoke previously assigned partitions attendance-topic-0
2025-11-04 09:58:39.539  INFO [attendance-service,,] 11824 --- [org.springframework.kafka.KafkaListenerEndpointContainer#0-0-C-1] o.s.k.l.KafkaMessageListenerContainer    : attendance-service-group: partitions revoked: [attendance-topic-0]
2025-11-04 09:58:39.541  INFO [attendance-service,,] 11824 --- [org.springframework.kafka.KafkaListenerEndpointContainer#0-0-C-1] o.a.k.c.c.internals.ConsumerCoordinator  : [Consumer clientId=consumer-attendance-service-group-1, groupId=attendance-service-group] Member consumer-attendance-service-group-1-6e4bf3f9-d138-4bc1-9f6e-cd5cd0746fc4 sending LeaveGroup request to coordinator localhost:9092 (id: 2147483646 rack: null) due to the consumer unsubscribed from all topics
2025-11-04 09:58:39.543  INFO [attendance-service,,] 11824 --- [org.springframework.kafka.KafkaListenerEndpointContainer#0-0-C-1] o.a.k.c.c.internals.ConsumerCoordinator  : [Consumer clientId=consumer-attendance-service-group-1, groupId=attendance-service-group] Resetting generation due to: consumer pro-actively leaving the group
2025-11-04 09:58:39.543  INFO [attendance-service,,] 11824 --- [org.springframework.kafka.KafkaListenerEndpointContainer#0-0-C-1] o.a.k.c.c.internals.ConsumerCoordinator  : [Consumer clientId=consumer-attendance-service-group-1, groupId=attendance-service-group] Request joining group due to: consumer pro-actively leaving the group
2025-11-04 09:58:39.544  INFO [attendance-service,,] 11824 --- [org.springframework.kafka.KafkaListenerEndpointContainer#0-0-C-1] o.a.k.clients.consumer.KafkaConsumer     : [Consumer clientId=consumer-attendance-service-group-1, groupId=attendance-service-group] Unsubscribed all topics or patterns and assigned partitions
2025-11-04 09:58:39.550  INFO [attendance-service,,] 11824 --- [org.springframework.kafka.KafkaListenerEndpointContainer#0-0-C-1] o.a.k.c.c.internals.ConsumerCoordinator  : [Consumer clientId=consumer-attendance-service-group-1, groupId=attendance-service-group] Resetting generation due to: consumer pro-actively leaving the group
2025-11-04 09:58:39.551  INFO [attendance-service,,] 11824 --- [org.springframework.kafka.KafkaListenerEndpointContainer#0-0-C-1] o.a.k.c.c.internals.ConsumerCoordinator  : [Consumer clientId=consumer-attendance-service-group-1, groupId=attendance-service-group] Request joining group due to: consumer pro-actively leaving the group
2025-11-04 09:58:39.558  INFO [attendance-service,,] 11824 --- [org.springframework.kafka.KafkaListenerEndpointContainer#0-0-C-1] org.apache.kafka.common.metrics.Metrics  : Metrics scheduler closed
2025-11-04 09:58:39.559  INFO [attendance-service,,] 11824 --- [org.springframework.kafka.KafkaListenerEndpointContainer#0-0-C-1] org.apache.kafka.common.metrics.Metrics  : Closing reporter org.apache.kafka.common.metrics.JmxReporter
2025-11-04 09:58:39.559  INFO [attendance-service,,] 11824 --- [org.springframework.kafka.KafkaListenerEndpointContainer#0-0-C-1] org.apache.kafka.common.metrics.Metrics  : Metrics reporters closed
2025-11-04 09:58:39.572  INFO [attendance-service,,] 11824 --- [org.springframework.kafka.KafkaListenerEndpointContainer#0-0-C-1] o.a.kafka.common.utils.AppInfoParser     : App info kafka.consumer for consumer-attendance-service-group-1 unregistered
2025-11-04 09:58:39.574  INFO [attendance-service,,] 11824 --- [org.springframework.kafka.KafkaListenerEndpointContainer#0-0-C-1] o.s.k.l.KafkaMessageListenerContainer    : attendance-service-group: Consumer stopped
2025-11-04 09:58:39.623  INFO [attendance-service,,] 11824 --- [SpringApplicationShutdownHook] j.LocalContainerEntityManagerFactoryBean : Closing JPA EntityManagerFactory for persistence unit 'default'
2025-11-04 09:58:39.640  INFO [attendance-service,,] 11824 --- [SpringApplicationShutdownHook] com.zaxxer.hikari.HikariDataSource       : HikariPool-1 - Shutdown initiated...
2025-11-04 09:58:39.942  INFO [attendance-service,,] 11824 --- [SpringApplicationShutdownHook] com.zaxxer.hikari.HikariDataSource       : HikariPool-1 - Shutdown completed.
2025-11-04 09:58:39.949  INFO [attendance-service,,] 11824 --- [SpringApplicationShutdownHook] com.netflix.discovery.DiscoveryClient    : Shutting down DiscoveryClient ...
2025-11-04 09:58:42.953  INFO [attendance-service,,] 11824 --- [SpringApplicationShutdownHook] com.netflix.discovery.DiscoveryClient    : Unregistering ...
2025-11-04 09:58:42.965  INFO [attendance-service,,] 11824 --- [SpringApplicationShutdownHook] c.n.d.s.t.d.RedirectingEurekaHttpClient  : Request execution error. endpoint=DefaultEndpoint{ serviceUrl='http://localhost:8761/service-discovery/eureka/} exception=I/O error on DELETE request for "http://localhost:8761/service-discovery/eureka/apps/ATTENDANCE-SERVICE/localhost:attendance-service:8085": Connect to localhost:8761 [localhost/127.0.0.1, localhost/0:0:0:0:0:0:0:1] failed: Connection refused: connect; nested exception is org.apache.http.conn.HttpHostConnectException: Connect to localhost:8761 [localhost/127.0.0.1, localhost/0:0:0:0:0:0:0:1] failed: Connection refused: connect stacktrace=org.springframework.web.client.ResourceAccessException: I/O error on DELETE request for "http://localhost:8761/service-discovery/eureka/apps/ATTENDANCE-SERVICE/localhost:attendance-service:8085": Connect to localhost:8761 [localhost/127.0.0.1, localhost/0:0:0:0:0:0:0:1] failed: Connection refused: connect; nested exception is org.apache.http.conn.HttpHostConnectException: Connect to localhost:8761 [localhost/127.0.0.1, localhost/0:0:0:0:0:0:0:1] failed: Connection refused: connect
	at org.springframework.web.client.RestTemplate.doExecute(RestTemplate.java:791)
	at org.springframework.web.client.RestTemplate.execute(RestTemplate.java:717)
	at org.springframework.web.client.RestTemplate.exchange(RestTemplate.java:608)
	at org.springframework.cloud.netflix.eureka.http.RestTemplateEurekaHttpClient.cancel(RestTemplateEurekaHttpClient.java:87)
	at com.netflix.discovery.shared.transport.decorator.EurekaHttpClientDecorator$2.execute(EurekaHttpClientDecorator.java:74)
	at com.netflix.discovery.shared.transport.decorator.RedirectingEurekaHttpClient.execute(RedirectingEurekaHttpClient.java:91)
	at com.netflix.discovery.shared.transport.decorator.EurekaHttpClientDecorator.cancel(EurekaHttpClientDecorator.java:71)
	at com.netflix.discovery.shared.transport.decorator.EurekaHttpClientDecorator$2.execute(EurekaHttpClientDecorator.java:74)
	at com.netflix.discovery.shared.transport.decorator.RetryableEurekaHttpClient.execute(RetryableEurekaHttpClient.java:120)
	at com.netflix.discovery.shared.transport.decorator.EurekaHttpClientDecorator.cancel(EurekaHttpClientDecorator.java:71)
	at com.netflix.discovery.shared.transport.decorator.EurekaHttpClientDecorator$2.execute(EurekaHttpClientDecorator.java:74)
	at com.netflix.discovery.shared.transport.decorator.SessionedEurekaHttpClient.execute(SessionedEurekaHttpClient.java:77)
	at com.netflix.discovery.shared.transport.decorator.EurekaHttpClientDecorator.cancel(EurekaHttpClientDecorator.java:71)
	at com.netflix.discovery.DiscoveryClient.unregister(DiscoveryClient.java:972)
	at com.netflix.discovery.DiscoveryClient.shutdown(DiscoveryClient.java:948)
	at java.base/jdk.internal.reflect.NativeMethodAccessorImpl.invoke0(Native Method)
	at java.base/jdk.internal.reflect.NativeMethodAccessorImpl.invoke(NativeMethodAccessorImpl.java:77)
	at java.base/jdk.internal.reflect.DelegatingMethodAccessorImpl.invoke(DelegatingMethodAccessorImpl.java:43)
	at java.base/java.lang.reflect.Method.invoke(Method.java:568)
	at org.springframework.beans.factory.annotation.InitDestroyAnnotationBeanPostProcessor$LifecycleElement.invoke(InitDestroyAnnotationBeanPostProcessor.java:389)
	at org.springframework.beans.factory.annotation.InitDestroyAnnotationBeanPostProcessor$LifecycleMetadata.invokeDestroyMethods(InitDestroyAnnotationBeanPostProcessor.java:347)
	at org.springframework.beans.factory.annotation.InitDestroyAnnotationBeanPostProcessor.postProcessBeforeDestruction(InitDestroyAnnotationBeanPostProcessor.java:177)
	at org.springframework.beans.factory.support.DisposableBeanAdapter.destroy(DisposableBeanAdapter.java:197)
	at org.springframework.beans.factory.support.DisposableBeanAdapter.run(DisposableBeanAdapter.java:190)
	at org.springframework.cloud.context.scope.GenericScope$BeanLifecycleWrapper.destroy(GenericScope.java:390)
	at org.springframework.cloud.context.scope.GenericScope.destroy(GenericScope.java:136)
	at org.springframework.beans.factory.support.DisposableBeanAdapter.destroy(DisposableBeanAdapter.java:213)
	at org.springframework.beans.factory.support.DefaultSingletonBeanRegistry.destroyBean(DefaultSingletonBeanRegistry.java:587)
	at org.springframework.beans.factory.support.DefaultSingletonBeanRegistry.destroySingleton(DefaultSingletonBeanRegistry.java:559)
	at org.springframework.beans.factory.support.DefaultListableBeanFactory.destroySingleton(DefaultListableBeanFactory.java:1163)
	at org.springframework.beans.factory.support.DefaultSingletonBeanRegistry.destroySingletons(DefaultSingletonBeanRegistry.java:520)
	at org.springframework.beans.factory.support.DefaultListableBeanFactory.destroySingletons(DefaultListableBeanFactory.java:1156)
	at org.springframework.context.support.AbstractApplicationContext.destroyBeans(AbstractApplicationContext.java:1120)
	at org.springframework.context.support.AbstractApplicationContext.doClose(AbstractApplicationContext.java:1086)
	at org.springframework.boot.web.servlet.context.ServletWebServerApplicationContext.doClose(ServletWebServerApplicationContext.java:174)
	at org.springframework.context.support.AbstractApplicationContext.close(AbstractApplicationContext.java:1032)
	at org.springframework.boot.SpringApplicationShutdownHook.closeAndWait(SpringApplicationShutdownHook.java:145)
	at java.base/java.lang.Iterable.forEach(Iterable.java:75)
	at org.springframework.boot.SpringApplicationShutdownHook.run(SpringApplicationShutdownHook.java:114)
	at java.base/java.lang.Thread.run(Thread.java:842)
Caused by: org.apache.http.conn.HttpHostConnectException: Connect to localhost:8761 [localhost/127.0.0.1, localhost/0:0:0:0:0:0:0:1] failed: Connection refused: connect
	at org.apache.http.impl.conn.DefaultHttpClientConnectionOperator.connect(DefaultHttpClientConnectionOperator.java:156)
	at org.apache.http.impl.conn.PoolingHttpClientConnectionManager.connect(PoolingHttpClientConnectionManager.java:376)
	at org.apache.http.impl.execchain.MainClientExec.establishRoute(MainClientExec.java:393)
	at org.apache.http.impl.execchain.MainClientExec.execute(MainClientExec.java:236)
	at org.apache.http.impl.execchain.ProtocolExec.execute(ProtocolExec.java:186)
	at org.apache.http.impl.execchain.RetryExec.execute(RetryExec.java:89)
	at org.apache.http.impl.execchain.RedirectExec.execute(RedirectExec.java:110)
	at org.apache.http.impl.client.InternalHttpClient.doExecute(InternalHttpClient.java:185)
	at org.apache.http.impl.client.CloseableHttpClient.execute(CloseableHttpClient.java:83)
	at org.apache.http.impl.client.CloseableHttpClient.execute(CloseableHttpClient.java:56)
	at org.springframework.http.client.HttpComponentsClientHttpRequest.executeInternal(HttpComponentsClientHttpRequest.java:87)
	at org.springframework.http.client.AbstractBufferingClientHttpRequest.executeInternal(AbstractBufferingClientHttpRequest.java:48)
	at org.springframework.http.client.AbstractClientHttpRequest.execute(AbstractClientHttpRequest.java:66)
	at org.springframework.web.client.RestTemplate.doExecute(RestTemplate.java:782)
	... 39 more
Caused by: java.net.ConnectException: Connection refused: connect
	at java.base/sun.nio.ch.Net.connect0(Native Method)
	at java.base/sun.nio.ch.Net.connect(Net.java:579)
	at java.base/sun.nio.ch.Net.connect(Net.java:568)
	at java.base/sun.nio.ch.NioSocketImpl.connect(NioSocketImpl.java:593)
	at java.base/java.net.SocksSocketImpl.connect(SocksSocketImpl.java:327)
	at java.base/java.net.Socket.connect(Socket.java:633)
	at org.apache.http.conn.socket.PlainConnectionSocketFactory.connectSocket(PlainConnectionSocketFactory.java:75)
	at org.apache.http.impl.conn.DefaultHttpClientConnectionOperator.connect(DefaultHttpClientConnectionOperator.java:142)
	... 52 more

2025-11-04 09:58:42.965  WARN [attendance-service,,] 11824 --- [SpringApplicationShutdownHook] c.n.d.s.t.d.RetryableEurekaHttpClient    : Request execution failed with message: I/O error on DELETE request for "http://localhost:8761/service-discovery/eureka/apps/ATTENDANCE-SERVICE/localhost:attendance-service:8085": Connect to localhost:8761 [localhost/127.0.0.1, localhost/0:0:0:0:0:0:0:1] failed: Connection refused: connect; nested exception is org.apache.http.conn.HttpHostConnectException: Connect to localhost:8761 [localhost/127.0.0.1, localhost/0:0:0:0:0:0:0:1] failed: Connection refused: connect
2025-11-04 09:58:42.974  INFO [attendance-service,,] 11824 --- [SpringApplicationShutdownHook] c.n.d.s.t.d.RedirectingEurekaHttpClient  : Request execution error. endpoint=DefaultEndpoint{ serviceUrl='http://localhost:8761/service-discovery/eureka/}, exception=I/O error on DELETE request for "http://localhost:8761/service-discovery/eureka/apps/ATTENDANCE-SERVICE/localhost:attendance-service:8085": Connect to localhost:8761 [localhost/127.0.0.1, localhost/0:0:0:0:0:0:0:1] failed: Connection refused: connect; nested exception is org.apache.http.conn.HttpHostConnectException: Connect to localhost:8761 [localhost/127.0.0.1, localhost/0:0:0:0:0:0:0:1] failed: Connection refused: connect stacktrace=org.springframework.web.client.ResourceAccessException: I/O error on DELETE request for "http://localhost:8761/service-discovery/eureka/apps/ATTENDANCE-SERVICE/localhost:attendance-service:8085": Connect to localhost:8761 [localhost/127.0.0.1, localhost/0:0:0:0:0:0:0:1] failed: Connection refused: connect; nested exception is org.apache.http.conn.HttpHostConnectException: Connect to localhost:8761 [localhost/127.0.0.1, localhost/0:0:0:0:0:0:0:1] failed: Connection refused: connect
	at org.springframework.web.client.RestTemplate.doExecute(RestTemplate.java:791)
	at org.springframework.web.client.RestTemplate.execute(RestTemplate.java:717)
	at org.springframework.web.client.RestTemplate.exchange(RestTemplate.java:608)
	at org.springframework.cloud.netflix.eureka.http.RestTemplateEurekaHttpClient.cancel(RestTemplateEurekaHttpClient.java:87)
	at com.netflix.discovery.shared.transport.decorator.EurekaHttpClientDecorator$2.execute(EurekaHttpClientDecorator.java:74)
	at com.netflix.discovery.shared.transport.decorator.RedirectingEurekaHttpClient.executeOnNewServer(RedirectingEurekaHttpClient.java:121)
	at com.netflix.discovery.shared.transport.decorator.RedirectingEurekaHttpClient.execute(RedirectingEurekaHttpClient.java:80)
	at com.netflix.discovery.shared.transport.decorator.EurekaHttpClientDecorator.cancel(EurekaHttpClientDecorator.java:71)
	at com.netflix.discovery.shared.transport.decorator.EurekaHttpClientDecorator$2.execute(EurekaHttpClientDecorator.java:74)
	at com.netflix.discovery.shared.transport.decorator.RetryableEurekaHttpClient.execute(RetryableEurekaHttpClient.java:120)
	at com.netflix.discovery.shared.transport.decorator.EurekaHttpClientDecorator.cancel(EurekaHttpClientDecorator.java:71)
	at com.netflix.discovery.shared.transport.decorator.EurekaHttpClientDecorator$2.execute(EurekaHttpClientDecorator.java:74)
	at com.netflix.discovery.shared.transport.decorator.SessionedEurekaHttpClient.execute(SessionedEurekaHttpClient.java:77)
	at com.netflix.discovery.shared.transport.decorator.EurekaHttpClientDecorator.cancel(EurekaHttpClientDecorator.java:71)
	at com.netflix.discovery.DiscoveryClient.unregister(DiscoveryClient.java:972)
	at com.netflix.discovery.DiscoveryClient.shutdown(DiscoveryClient.java:948)
	at java.base/jdk.internal.reflect.NativeMethodAccessorImpl.invoke0(Native Method)
	at java.base/jdk.internal.reflect.NativeMethodAccessorImpl.invoke(NativeMethodAccessorImpl.java:77)
	at java.base/jdk.internal.reflect.DelegatingMethodAccessorImpl.invoke(DelegatingMethodAccessorImpl.java:43)
	at java.base/java.lang.reflect.Method.invoke(Method.java:568)
	at org.springframework.beans.factory.annotation.InitDestroyAnnotationBeanPostProcessor$LifecycleElement.invoke(InitDestroyAnnotationBeanPostProcessor.java:389)
	at org.springframework.beans.factory.annotation.InitDestroyAnnotationBeanPostProcessor$LifecycleMetadata.invokeDestroyMethods(InitDestroyAnnotationBeanPostProcessor.java:347)
	at org.springframework.beans.factory.annotation.InitDestroyAnnotationBeanPostProcessor.postProcessBeforeDestruction(InitDestroyAnnotationBeanPostProcessor.java:177)
	at org.springframework.beans.factory.support.DisposableBeanAdapter.destroy(DisposableBeanAdapter.java:197)
	at org.springframework.beans.factory.support.DisposableBeanAdapter.run(DisposableBeanAdapter.java:190)
	at org.springframework.cloud.context.scope.GenericScope$BeanLifecycleWrapper.destroy(GenericScope.java:390)
	at org.springframework.cloud.context.scope.GenericScope.destroy(GenericScope.java:136)
	at org.springframework.beans.factory.support.DisposableBeanAdapter.destroy(DisposableBeanAdapter.java:213)
	at org.springframework.beans.factory.support.DefaultSingletonBeanRegistry.destroyBean(DefaultSingletonBeanRegistry.java:587)
	at org.springframework.beans.factory.support.DefaultSingletonBeanRegistry.destroySingleton(DefaultSingletonBeanRegistry.java:559)
	at org.springframework.beans.factory.support.DefaultListableBeanFactory.destroySingleton(DefaultListableBeanFactory.java:1163)
	at org.springframework.beans.factory.support.DefaultSingletonBeanRegistry.destroySingletons(DefaultSingletonBeanRegistry.java:520)
	at org.springframework.beans.factory.support.DefaultListableBeanFactory.destroySingletons(DefaultListableBeanFactory.java:1156)
	at org.springframework.context.support.AbstractApplicationContext.destroyBeans(AbstractApplicationContext.java:1120)
	at org.springframework.context.support.AbstractApplicationContext.doClose(AbstractApplicationContext.java:1086)
	at org.springframework.boot.web.servlet.context.ServletWebServerApplicationContext.doClose(ServletWebServerApplicationContext.java:174)
	at org.springframework.context.support.AbstractApplicationContext.close(AbstractApplicationContext.java:1032)
	at org.springframework.boot.SpringApplicationShutdownHook.closeAndWait(SpringApplicationShutdownHook.java:145)
	at java.base/java.lang.Iterable.forEach(Iterable.java:75)
	at org.springframework.boot.SpringApplicationShutdownHook.run(SpringApplicationShutdownHook.java:114)
	at java.base/java.lang.Thread.run(Thread.java:842)
Caused by: org.apache.http.conn.HttpHostConnectException: Connect to localhost:8761 [localhost/127.0.0.1, localhost/0:0:0:0:0:0:0:1] failed: Connection refused: connect
	at org.apache.http.impl.conn.DefaultHttpClientConnectionOperator.connect(DefaultHttpClientConnectionOperator.java:156)
	at org.apache.http.impl.conn.PoolingHttpClientConnectionManager.connect(PoolingHttpClientConnectionManager.java:376)
	at org.apache.http.impl.execchain.MainClientExec.establishRoute(MainClientExec.java:393)
	at org.apache.http.impl.execchain.MainClientExec.execute(MainClientExec.java:236)
	at org.apache.http.impl.execchain.ProtocolExec.execute(ProtocolExec.java:186)
	at org.apache.http.impl.execchain.RetryExec.execute(RetryExec.java:89)
	at org.apache.http.impl.execchain.RedirectExec.execute(RedirectExec.java:110)
	at org.apache.http.impl.client.InternalHttpClient.doExecute(InternalHttpClient.java:185)
	at org.apache.http.impl.client.CloseableHttpClient.execute(CloseableHttpClient.java:83)
	at org.apache.http.impl.client.CloseableHttpClient.execute(CloseableHttpClient.java:56)
	at org.springframework.http.client.HttpComponentsClientHttpRequest.executeInternal(HttpComponentsClientHttpRequest.java:87)
	at org.springframework.http.client.AbstractBufferingClientHttpRequest.executeInternal(AbstractBufferingClientHttpRequest.java:48)
	at org.springframework.http.client.AbstractClientHttpRequest.execute(AbstractClientHttpRequest.java:66)
	at org.springframework.web.client.RestTemplate.doExecute(RestTemplate.java:782)
	... 40 more
Caused by: java.net.ConnectException: Connection refused: connect
	at java.base/sun.nio.ch.Net.connect0(Native Method)
	at java.base/sun.nio.ch.Net.connect(Net.java:579)
	at java.base/sun.nio.ch.Net.connect(Net.java:568)
	at java.base/sun.nio.ch.NioSocketImpl.connect(NioSocketImpl.java:593)
	at java.base/java.net.SocksSocketImpl.connect(SocksSocketImpl.java:327)
	at java.base/java.net.Socket.connect(Socket.java:633)
	at org.apache.http.conn.socket.PlainConnectionSocketFactory.connectSocket(PlainConnectionSocketFactory.java:75)
	at org.apache.http.impl.conn.DefaultHttpClientConnectionOperator.connect(DefaultHttpClientConnectionOperator.java:142)
	... 53 more

2025-11-04 09:58:42.975  WARN [attendance-service,,] 11824 --- [SpringApplicationShutdownHook] c.n.d.s.t.d.RetryableEurekaHttpClient    : Request execution failed with message: I/O error on DELETE request for "http://localhost:8761/service-discovery/eureka/apps/ATTENDANCE-SERVICE/localhost:attendance-service:8085": Connect to localhost:8761 [localhost/127.0.0.1, localhost/0:0:0:0:0:0:0:1] failed: Connection refused: connect; nested exception is org.apache.http.conn.HttpHostConnectException: Connect to localhost:8761 [localhost/127.0.0.1, localhost/0:0:0:0:0:0:0:1] failed: Connection refused: connect
2025-11-04 09:58:42.983 ERROR [attendance-service,,] 11824 --- [SpringApplicationShutdownHook] com.netflix.discovery.DiscoveryClient    : DiscoveryClient_ATTENDANCE-SERVICE/localhost:attendance-service:8085 - de-registration failedCannot execute request on any known server

com.netflix.discovery.shared.transport.TransportException: Cannot execute request on any known server
	at com.netflix.discovery.shared.transport.decorator.RetryableEurekaHttpClient.execute(RetryableEurekaHttpClient.java:112) ~[eureka-client-1.10.17.jar:1.10.17]
	at com.netflix.discovery.shared.transport.decorator.EurekaHttpClientDecorator.cancel(EurekaHttpClientDecorator.java:71) ~[eureka-client-1.10.17.jar:1.10.17]
	at com.netflix.discovery.shared.transport.decorator.EurekaHttpClientDecorator$2.execute(EurekaHttpClientDecorator.java:74) ~[eureka-client-1.10.17.jar:1.10.17]
	at com.netflix.discovery.shared.transport.decorator.SessionedEurekaHttpClient.execute(SessionedEurekaHttpClient.java:77) ~[eureka-client-1.10.17.jar:1.10.17]
	at com.netflix.discovery.shared.transport.decorator.EurekaHttpClientDecorator.cancel(EurekaHttpClientDecorator.java:71) ~[eureka-client-1.10.17.jar:1.10.17]
	at com.netflix.discovery.DiscoveryClient.unregister(DiscoveryClient.java:972) ~[eureka-client-1.10.17.jar:1.10.17]
	at com.netflix.discovery.DiscoveryClient.shutdown(DiscoveryClient.java:948) ~[eureka-client-1.10.17.jar:1.10.17]
	at java.base/jdk.internal.reflect.NativeMethodAccessorImpl.invoke0(Native Method) ~[na:na]
	at java.base/jdk.internal.reflect.NativeMethodAccessorImpl.invoke(NativeMethodAccessorImpl.java:77) ~[na:na]
	at java.base/jdk.internal.reflect.DelegatingMethodAccessorImpl.invoke(DelegatingMethodAccessorImpl.java:43) ~[na:na]
	at java.base/java.lang.reflect.Method.invoke(Method.java:568) ~[na:na]
	at org.springframework.beans.factory.annotation.InitDestroyAnnotationBeanPostProcessor$LifecycleElement.invoke(InitDestroyAnnotationBeanPostProcessor.java:389) ~[spring-beans-5.3.31.jar:5.3.31]
	at org.springframework.beans.factory.annotation.InitDestroyAnnotationBeanPostProcessor$LifecycleMetadata.invokeDestroyMethods(InitDestroyAnnotationBeanPostProcessor.java:347) ~[spring-beans-5.3.31.jar:5.3.31]
	at org.springframework.beans.factory.annotation.InitDestroyAnnotationBeanPostProcessor.postProcessBeforeDestruction(InitDestroyAnnotationBeanPostProcessor.java:177) ~[spring-beans-5.3.31.jar:5.3.31]
	at org.springframework.beans.factory.support.DisposableBeanAdapter.destroy(DisposableBeanAdapter.java:197) ~[spring-beans-5.3.31.jar:5.3.31]
	at org.springframework.beans.factory.support.DisposableBeanAdapter.run(DisposableBeanAdapter.java:190) ~[spring-beans-5.3.31.jar:5.3.31]
	at org.springframework.cloud.context.scope.GenericScope$BeanLifecycleWrapper.destroy(GenericScope.java:390) ~[spring-cloud-context-3.1.7.jar:3.1.7]
	at org.springframework.cloud.context.scope.GenericScope.destroy(GenericScope.java:136) ~[spring-cloud-context-3.1.7.jar:3.1.7]
	at org.springframework.beans.factory.support.DisposableBeanAdapter.destroy(DisposableBeanAdapter.java:213) ~[spring-beans-5.3.31.jar:5.3.31]
	at org.springframework.beans.factory.support.DefaultSingletonBeanRegistry.destroyBean(DefaultSingletonBeanRegistry.java:587) ~[spring-beans-5.3.31.jar:5.3.31]
	at org.springframework.beans.factory.support.DefaultSingletonBeanRegistry.destroySingleton(DefaultSingletonBeanRegistry.java:559) ~[spring-beans-5.3.31.jar:5.3.31]
	at org.springframework.beans.factory.support.DefaultListableBeanFactory.destroySingleton(DefaultListableBeanFactory.java:1163) ~[spring-beans-5.3.31.jar:5.3.31]
	at org.springframework.beans.factory.support.DefaultSingletonBeanRegistry.destroySingletons(DefaultSingletonBeanRegistry.java:520) ~[spring-beans-5.3.31.jar:5.3.31]
	at org.springframework.beans.factory.support.DefaultListableBeanFactory.destroySingletons(DefaultListableBeanFactory.java:1156) ~[spring-beans-5.3.31.jar:5.3.31]
	at org.springframework.context.support.AbstractApplicationContext.destroyBeans(AbstractApplicationContext.java:1120) ~[spring-context-5.3.31.jar:5.3.31]
	at org.springframework.context.support.AbstractApplicationContext.doClose(AbstractApplicationContext.java:1086) ~[spring-context-5.3.31.jar:5.3.31]
	at org.springframework.boot.web.servlet.context.ServletWebServerApplicationContext.doClose(ServletWebServerApplicationContext.java:174) ~[spring-boot-2.7.18.jar:2.7.18]
	at org.springframework.context.support.AbstractApplicationContext.close(AbstractApplicationContext.java:1032) ~[spring-context-5.3.31.jar:5.3.31]
	at org.springframework.boot.SpringApplicationShutdownHook.closeAndWait(SpringApplicationShutdownHook.java:145) ~[spring-boot-2.7.18.jar:2.7.18]
	at java.base/java.lang.Iterable.forEach(Iterable.java:75) ~[na:na]
	at org.springframework.boot.SpringApplicationShutdownHook.run(SpringApplicationShutdownHook.java:114) ~[spring-boot-2.7.18.jar:2.7.18]
	at java.base/java.lang.Thread.run(Thread.java:842) ~[na:na]

2025-11-04 09:58:42.993  INFO [attendance-service,,] 11824 --- [SpringApplicationShutdownHook] com.netflix.discovery.DiscoveryClient    : Completed shut down of DiscoveryClient
